  Entity.cpp
  EntityManager.cpp
  Game.cpp
Game.cpp(6): warning C4244: 'argument': conversion from 'time_t' to 'unsigned int', possible loss of data
  Main.cpp
  Mother.cpp
  Other.cpp
Other.cpp(17): warning C4244: 'initializing': conversion from 'double' to 'float', possible loss of data
Other.cpp(24): warning C4244: 'argument': conversion from 'int' to 'float', possible loss of data
Other.cpp(26): warning C4244: 'argument': conversion from 'int' to 'float', possible loss of data
Other.cpp(30): warning C4244: 'argument': conversion from 'unsigned int' to 'float', possible loss of data
Other.cpp(33): warning C4244: 'argument': conversion from 'unsigned int' to 'float', possible loss of data
  Scene.cpp
  SceneManager.cpp
  Generating code
  47 of 292 functions (16.1%) were compiled, the rest were copied from previous compilation.
    3 functions were new in current compilation
    7 functions had inline decision re-evaluated but remain unchanged
  Finished generating code
  Ponygon.vcxproj -> E:\Programming\Ponygon\Release\Ponygon.exe
